TN:
SF:unitTestingTask.js
FN:1,(anonymous_0)
FN:3,(anonymous_1)
FN:11,(anonymous_2)
FN:23,leadingZeroes
FN:40,(anonymous_4)
FN:43,(anonymous_5)
FN:46,(anonymous_6)
FN:49,(anonymous_7)
FN:52,(anonymous_8)
FN:55,(anonymous_9)
FN:58,(anonymous_10)
FN:61,(anonymous_11)
FN:64,(anonymous_12)
FN:67,(anonymous_13)
FN:70,(anonymous_14)
FN:73,(anonymous_15)
FN:76,(anonymous_16)
FN:79,(anonymous_17)
FN:82,(anonymous_18)
FN:85,(anonymous_19)
FN:88,(anonymous_20)
FN:91,(anonymous_21)
FN:94,(anonymous_22)
FN:97,(anonymous_23)
FN:100,(anonymous_24)
FN:103,(anonymous_25)
FN:106,(anonymous_26)
FN:109,(anonymous_27)
FN:119,(anonymous_28)
FN:170,unitTestingTask
FN:186,(anonymous_30)
FN:207,(anonymous_31)
FN:234,(anonymous_32)
FN:238,(anonymous_33)
FN:244,(anonymous_34)
FN:258,(anonymous_35)
FN:259,(anonymous_36)
FN:290,(anonymous_37)
FN:300,(anonymous_38)
FN:318,(anonymous_39)
FNF:40
FNH:39
FNDA:1,(anonymous_0)
FNDA:0,(anonymous_1)
FNDA:1,(anonymous_2)
FNDA:32,leadingZeroes
FNDA:5,(anonymous_4)
FNDA:2,(anonymous_5)
FNDA:11,(anonymous_6)
FNDA:10,(anonymous_7)
FNDA:5,(anonymous_8)
FNDA:1,(anonymous_9)
FNDA:2,(anonymous_10)
FNDA:2,(anonymous_11)
FNDA:1,(anonymous_12)
FNDA:5,(anonymous_13)
FNDA:2,(anonymous_14)
FNDA:1,(anonymous_15)
FNDA:1,(anonymous_16)
FNDA:4,(anonymous_17)
FNDA:1,(anonymous_18)
FNDA:4,(anonymous_19)
FNDA:1,(anonymous_20)
FNDA:4,(anonymous_21)
FNDA:1,(anonymous_22)
FNDA:1,(anonymous_23)
FNDA:1,(anonymous_24)
FNDA:18,(anonymous_25)
FNDA:2,(anonymous_26)
FNDA:3,(anonymous_27)
FNDA:2,(anonymous_28)
FNDA:71,unitTestingTask
FNDA:88,(anonymous_30)
FNDA:187,(anonymous_31)
FNDA:3,(anonymous_32)
FNDA:2,(anonymous_33)
FNDA:4,(anonymous_34)
FNDA:7,(anonymous_35)
FNDA:6,(anonymous_36)
FNDA:7,(anonymous_37)
FNDA:1,(anonymous_38)
FNDA:78,(anonymous_39)
DA:1,1
DA:2,1
DA:3,0
DA:4,0
DA:6,1
DA:7,1
DA:9,0
DA:24,32
DA:25,32
DA:27,32
DA:28,0
DA:32,32
DA:34,32
DA:37,1
DA:39,1
DA:41,5
DA:44,2
DA:47,11
DA:50,10
DA:53,5
DA:56,1
DA:59,2
DA:62,2
DA:65,1
DA:68,5
DA:71,2
DA:74,1
DA:77,1
DA:80,4
DA:83,1
DA:86,4
DA:89,1
DA:92,4
DA:95,1
DA:98,1
DA:101,1
DA:104,18
DA:107,2
DA:110,3
DA:111,3
DA:112,3
DA:113,3
DA:115,3
DA:117,3
DA:120,2
DA:124,1
DA:125,1
DA:126,25
DA:127,25
DA:130,1
DA:171,71
DA:172,1
DA:175,70
DA:176,1
DA:179,69
DA:181,69
DA:183,69
DA:184,6
DA:186,63
DA:187,88
DA:197,1
DA:207,1
DA:208,187
DA:209,52
DA:212,135
DA:213,126
DA:214,72
DA:215,54
DA:216,54
DA:217,54
DA:218,8
DA:220,46
DA:223,80
DA:226,9
DA:227,9
DA:228,9
DA:232,1
DA:235,3
DA:239,2
DA:245,4
DA:246,2
DA:248,2
DA:258,1
DA:259,7
DA:260,6
DA:261,6
DA:270,1
DA:290,1
DA:291,7
DA:292,7
DA:300,1
DA:301,1
DA:305,1
DA:306,1
DA:307,1
DA:308,1
DA:311,1
DA:318,1
DA:319,78
DA:320,78
DA:323,1
LF:101
LH:97
BRDA:2,0,0,0
BRDA:2,0,1,1
BRDA:2,1,0,1
BRDA:2,1,1,0
BRDA:6,2,0,1
BRDA:6,2,1,0
BRDA:25,3,0,1
BRDA:25,3,1,31
BRDA:27,4,0,0
BRDA:27,4,1,32
BRDA:37,5,0,1
BRDA:37,5,1,1
BRDA:80,6,0,4
BRDA:80,6,1,0
BRDA:83,7,0,1
BRDA:83,7,1,0
BRDA:113,8,0,0
BRDA:113,8,1,3
BRDA:115,9,0,3
BRDA:115,9,1,1
BRDA:126,10,0,25
BRDA:126,10,1,0
BRDA:171,11,0,1
BRDA:171,11,1,70
BRDA:171,12,0,71
BRDA:171,12,1,71
BRDA:175,13,0,1
BRDA:175,13,1,69
BRDA:175,14,0,70
BRDA:175,14,1,64
BRDA:175,14,2,1
BRDA:175,14,3,1
BRDA:179,15,0,63
BRDA:179,15,1,6
BRDA:179,16,0,69
BRDA:179,16,1,63
BRDA:179,17,0,63
BRDA:179,17,1,0
BRDA:183,18,0,6
BRDA:183,18,1,63
BRDA:208,19,0,52
BRDA:208,19,1,135
BRDA:212,20,0,126
BRDA:212,20,1,9
BRDA:213,21,0,72
BRDA:213,21,1,54
BRDA:213,22,0,126
BRDA:213,22,1,114
BRDA:215,23,0,54
BRDA:215,23,1,0
BRDA:245,24,0,2
BRDA:245,24,1,2
BRDA:246,25,0,1
BRDA:246,25,1,1
BRDA:248,26,0,1
BRDA:248,26,1,1
BRDA:260,27,0,6
BRDA:260,27,1,6
BRDA:260,27,2,6
BRF:59
BRH:49
end_of_record
TN:
SF:lang/be.js
FN:1,(anonymous_0)
FN:9,(anonymous_1)
FN:21,(anonymous_2)
FN:26,(anonymous_3)
FN:34,(anonymous_4)
FNF:5
FNH:5
FNDA:1,(anonymous_0)
FNDA:1,(anonymous_1)
FNDA:1,(anonymous_2)
FNDA:1,(anonymous_3)
FNDA:4,(anonymous_4)
DA:1,1
DA:2,1
DA:3,0
DA:4,1
DA:5,1
DA:7,0
DA:10,1
DA:22,1
DA:23,1
DA:27,1
DA:35,4
DA:36,1
DA:37,3
DA:38,1
DA:39,2
DA:40,1
DA:42,1
LF:17
LH:15
BRDA:2,0,0,0
BRDA:2,0,1,1
BRDA:2,1,0,1
BRDA:2,1,1,0
BRDA:4,2,0,1
BRDA:4,2,1,0
BRDA:22,3,0,0
BRDA:22,3,1,1
BRDA:35,4,0,1
BRDA:35,4,1,3
BRDA:37,5,0,1
BRDA:37,5,1,2
BRDA:39,6,0,1
BRDA:39,6,1,1
BRF:14
BRH:10
end_of_record
TN:
SF:lang/cs.js
FN:1,(anonymous_0)
FN:9,(anonymous_1)
FN:21,(anonymous_2)
FN:29,(anonymous_3)
FN:36,(anonymous_4)
FNF:5
FNH:5
FNDA:1,(anonymous_0)
FNDA:1,(anonymous_1)
FNDA:1,(anonymous_2)
FNDA:1,(anonymous_3)
FNDA:2,(anonymous_4)
DA:1,1
DA:2,1
DA:3,0
DA:4,1
DA:5,1
DA:7,0
DA:10,1
DA:22,1
DA:23,1
DA:30,1
DA:31,1
DA:37,2
DA:38,1
DA:40,1
LF:14
LH:12
BRDA:2,0,0,0
BRDA:2,0,1,1
BRDA:2,1,0,1
BRDA:2,1,1,0
BRDA:4,2,0,1
BRDA:4,2,1,0
BRDA:22,3,0,0
BRDA:22,3,1,1
BRDA:30,4,0,0
BRDA:30,4,1,1
BRDA:37,5,0,1
BRDA:37,5,1,1
BRF:12
BRH:7
end_of_record
TN:
SF:lang/kk.js
FN:1,(anonymous_0)
FN:9,(anonymous_1)
FN:21,(anonymous_2)
FN:26,(anonymous_3)
FNF:4
FNH:4
FNDA:1,(anonymous_0)
FNDA:1,(anonymous_1)
FNDA:1,(anonymous_2)
FNDA:1,(anonymous_3)
DA:1,1
DA:2,1
DA:3,0
DA:4,1
DA:5,1
DA:7,0
DA:10,1
DA:22,1
DA:23,1
DA:27,1
LF:10
LH:8
BRDA:2,0,0,0
BRDA:2,0,1,1
BRDA:2,1,0,1
BRDA:2,1,1,0
BRDA:4,2,0,1
BRDA:4,2,1,0
BRDA:22,3,0,0
BRDA:22,3,1,1
BRF:8
BRH:4
end_of_record
TN:
SF:lang/pl.js
FN:1,(anonymous_0)
FN:9,(anonymous_1)
FN:21,(anonymous_2)
FN:29,(anonymous_3)
FN:37,(anonymous_4)
FNF:5
FNH:5
FNDA:1,(anonymous_0)
FNDA:1,(anonymous_1)
FNDA:1,(anonymous_2)
FNDA:1,(anonymous_3)
FNDA:2,(anonymous_4)
DA:1,1
DA:2,1
DA:3,0
DA:4,1
DA:5,1
DA:7,0
DA:10,1
DA:22,1
DA:23,1
DA:30,1
DA:31,1
DA:38,2
DA:39,1
DA:41,1
LF:14
LH:12
BRDA:2,0,0,0
BRDA:2,0,1,1
BRDA:2,1,0,1
BRDA:2,1,1,0
BRDA:4,2,0,1
BRDA:4,2,1,0
BRDA:22,3,0,0
BRDA:22,3,1,1
BRDA:30,4,0,0
BRDA:30,4,1,1
BRDA:38,5,0,1
BRDA:38,5,1,1
BRF:12
BRH:7
end_of_record
TN:
SF:lang/ru.js
FN:1,(anonymous_0)
FN:9,(anonymous_1)
FN:21,(anonymous_2)
FN:33,(anonymous_3)
FN:43,(anonymous_4)
FNF:5
FNH:5
FNDA:1,(anonymous_0)
FNDA:1,(anonymous_1)
FNDA:1,(anonymous_2)
FNDA:1,(anonymous_3)
FNDA:4,(anonymous_4)
DA:1,1
DA:2,1
DA:3,0
DA:4,1
DA:5,1
DA:7,0
DA:10,1
DA:22,1
DA:23,1
DA:34,1
DA:35,1
DA:44,4
DA:45,1
DA:46,3
DA:47,1
DA:48,2
DA:49,1
DA:51,1
LF:18
LH:16
BRDA:2,0,0,0
BRDA:2,0,1,1
BRDA:2,1,0,1
BRDA:2,1,1,0
BRDA:4,2,0,1
BRDA:4,2,1,0
BRDA:22,3,0,0
BRDA:22,3,1,1
BRDA:34,4,0,0
BRDA:34,4,1,1
BRDA:44,5,0,1
BRDA:44,5,1,3
BRDA:46,6,0,1
BRDA:46,6,1,2
BRDA:48,7,0,1
BRDA:48,7,1,1
BRF:16
BRH:11
end_of_record
TN:
SF:lang/tr.js
FN:1,(anonymous_0)
FN:9,(anonymous_1)
FN:15,(anonymous_2)
FN:19,(anonymous_3)
FNF:4
FNH:4
FNDA:1,(anonymous_0)
FNDA:1,(anonymous_1)
FNDA:1,(anonymous_2)
FNDA:1,(anonymous_3)
DA:1,1
DA:2,1
DA:3,0
DA:4,1
DA:5,1
DA:7,0
DA:10,1
DA:16,1
DA:20,1
LF:9
LH:7
BRDA:2,0,0,0
BRDA:2,0,1,1
BRDA:2,1,0,1
BRDA:2,1,1,0
BRDA:4,2,0,1
BRDA:4,2,1,0
BRF:6
BRH:3
end_of_record
TN:
SF:lang/tt.js
FN:1,(anonymous_0)
FN:9,(anonymous_1)
FN:15,(anonymous_2)
FN:21,(anonymous_3)
FNF:4
FNH:4
FNDA:1,(anonymous_0)
FNDA:1,(anonymous_1)
FNDA:1,(anonymous_2)
FNDA:1,(anonymous_3)
DA:1,1
DA:2,1
DA:3,0
DA:4,1
DA:5,1
DA:7,0
DA:10,1
DA:16,1
DA:22,1
LF:9
LH:7
BRDA:2,0,0,0
BRDA:2,0,1,1
BRDA:2,1,0,1
BRDA:2,1,1,0
BRDA:4,2,0,1
BRDA:4,2,1,0
BRF:6
BRH:3
end_of_record
TN:
SF:lang/uk.js
FN:1,(anonymous_0)
FN:9,(anonymous_1)
FN:21,(anonymous_2)
FN:27,(anonymous_3)
FN:35,(anonymous_4)
FNF:5
FNH:5
FNDA:1,(anonymous_0)
FNDA:1,(anonymous_1)
FNDA:1,(anonymous_2)
FNDA:1,(anonymous_3)
FNDA:4,(anonymous_4)
DA:1,1
DA:2,1
DA:3,0
DA:4,1
DA:5,1
DA:7,0
DA:10,1
DA:22,1
DA:23,1
DA:28,1
DA:36,4
DA:37,1
DA:38,3
DA:39,1
DA:40,2
DA:41,1
DA:43,1
LF:17
LH:15
BRDA:2,0,0,0
BRDA:2,0,1,1
BRDA:2,1,0,1
BRDA:2,1,1,0
BRDA:4,2,0,1
BRDA:4,2,1,0
BRDA:22,3,0,0
BRDA:22,3,1,1
BRDA:36,4,0,1
BRDA:36,4,1,3
BRDA:38,5,0,1
BRDA:38,5,1,2
BRDA:40,6,0,1
BRDA:40,6,1,1
BRF:14
BRH:10
end_of_record
